<?xml version="1.0" encoding="UTF-8"?>
<robot generator="Robot 4.1.3 (Python 3.9.10 on darwin)" generated="20220307 18:12:59.558" rpa="false" schemaversion="2">
<suite id="s1" name="Scenario" source="/Users/user7/Documents/git/Sample_Project/SampleRobot_framework/Tests/Scenario">
<suite id="s1-s1" name="Login scenario" source="/Users/user7/Documents/git/Sample_Project/SampleRobot_framework/Tests/Scenario/Login_scenario.robot">
<test id="s1-s1-t1" name="User successfull login app">
<kw name="Open the Apps" library="Android_config" type="SETUP">
<kw name="Log To Console" library="BuiltIn">
<arg>'</arg>
<arg>'</arg>
<doc>Logs the given message to the console.</doc>
<status status="PASS" starttime="20220307 18:12:59.705" endtime="20220307 18:12:59.706"/>
</kw>
<kw name="Log To Console" library="BuiltIn">
<arg>Server</arg>
<arg>= ${APPIUM_SERVER}</arg>
<doc>Logs the given message to the console.</doc>
<status status="PASS" starttime="20220307 18:12:59.706" endtime="20220307 18:12:59.706"/>
</kw>
<kw name="Log To Console" library="BuiltIn">
<arg>Device = ${ANDROID_DEV_NAME}</arg>
<doc>Logs the given message to the console.</doc>
<status status="PASS" starttime="20220307 18:12:59.706" endtime="20220307 18:12:59.707"/>
</kw>
<kw name="Log To Console" library="BuiltIn">
<arg>OS_Device = ${ANDROID_PLAT_VER}</arg>
<doc>Logs the given message to the console.</doc>
<status status="PASS" starttime="20220307 18:12:59.707" endtime="20220307 18:12:59.707"/>
</kw>
<kw name="Log To Console" library="BuiltIn">
<arg>PackageID = ${ANDROID_APP_PACKAGE}</arg>
<doc>Logs the given message to the console.</doc>
<status status="PASS" starttime="20220307 18:12:59.708" endtime="20220307 18:12:59.708"/>
</kw>
<kw name="Log To Console" library="BuiltIn">
<arg>ActivityID = ${ANDROID_APP_ACTIVITY}</arg>
<doc>Logs the given message to the console.</doc>
<status status="PASS" starttime="20220307 18:12:59.708" endtime="20220307 18:12:59.709"/>
</kw>
<kw name="Set Global Variable" library="BuiltIn">
<arg>${ANDROID_DEV_NAME}</arg>
<doc>Makes a variable available globally in all tests and suites.</doc>
<msg timestamp="20220307 18:12:59.710" level="INFO">${ANDROID_DEV_NAME} = emulator-5554</msg>
<status status="PASS" starttime="20220307 18:12:59.709" endtime="20220307 18:12:59.710"/>
</kw>
<kw name="Open Application" library="AppiumLibrary">
<arg>${APPIUM_SERVER}</arg>
<arg>platformName=${ANDROID_PLAT_NAME}</arg>
<arg>appPackage=${ANDROID_APP_PACKAGE}</arg>
<arg>appActivity=${ANDROID_APP_ACTIVITY}</arg>
<arg>noReset=false</arg>
<arg>udid=${ANDROID_DEV_NAME}</arg>
<arg>automationName=uiautomator2</arg>
<doc>Opens a new application to given Appium server.
Capabilities of appium server, Android and iOS,
Please check https://github.com/appium/appium/blob/master/docs/en/writing-running-appium/server-args.md
| *Option*            | *Man.* | *Description*     |
| remote_url          | Yes    | Appium server url |
| alias               | no     | alias             |</doc>
<status status="PASS" starttime="20220307 18:12:59.710" endtime="20220307 18:13:05.751"/>
</kw>
<status status="PASS" starttime="20220307 18:12:59.705" endtime="20220307 18:13:05.751"/>
</kw>
<kw name="Given User open app" library="Login_step">
<kw name="No Operation" library="BuiltIn">
<doc>Does absolutely nothing.</doc>
<status status="PASS" starttime="20220307 18:13:05.752" endtime="20220307 18:13:05.752"/>
</kw>
<status status="PASS" starttime="20220307 18:13:05.752" endtime="20220307 18:13:05.753"/>
</kw>
<kw name="When User fill username and password" library="Login_step">
<kw name="Tap loginMenu" library="Login_page">
<kw name="Wait Until Element Is Visible" library="AppiumLibrary">
<arg>${loginMenuBtn}</arg>
<doc>Waits until element specified with `locator` is visible.</doc>
<status status="PASS" starttime="20220307 18:13:05.754" endtime="20220307 18:13:07.134"/>
</kw>
<kw name="Click Element" library="AppiumLibrary">
<arg>${loginMenuBtn}</arg>
<doc>Click element identified by `locator`.</doc>
<msg timestamp="20220307 18:13:07.136" level="INFO">Clicking element 'android=new UiSelector().text("Login").className("android.widget.TextView")'.</msg>
<status status="PASS" starttime="20220307 18:13:07.134" endtime="20220307 18:13:07.249"/>
</kw>
<status status="PASS" starttime="20220307 18:13:05.753" endtime="20220307 18:13:07.249"/>
</kw>
<kw name="Set text username" library="Login_page">
<kw name="Wait Until Element Is Visible" library="AppiumLibrary">
<arg>${loginEmail}</arg>
<doc>Waits until element specified with `locator` is visible.</doc>
<status status="PASS" starttime="20220307 18:13:07.250" endtime="20220307 18:13:08.143"/>
</kw>
<kw name="Input Text" library="AppiumLibrary">
<arg>${loginEmail}</arg>
<arg>test@kok.gitu</arg>
<doc>Types the given `text` into text field identified by `locator`.</doc>
<msg timestamp="20220307 18:13:08.145" level="INFO">Typing text 'test@kok.gitu' into text field 'accessibility_id=input-email'</msg>
<status status="PASS" starttime="20220307 18:13:08.143" endtime="20220307 18:13:08.219"/>
</kw>
<status status="PASS" starttime="20220307 18:13:07.249" endtime="20220307 18:13:08.219"/>
</kw>
<kw name="Set text password" library="Login_page">
<kw name="Input Text" library="AppiumLibrary">
<arg>${loginPass}</arg>
<arg>12341234</arg>
<doc>Types the given `text` into text field identified by `locator`.</doc>
<msg timestamp="20220307 18:13:08.221" level="INFO">Typing text '12341234' into text field 'accessibility_id=input-password'</msg>
<status status="PASS" starttime="20220307 18:13:08.220" endtime="20220307 18:13:08.903"/>
</kw>
<status status="PASS" starttime="20220307 18:13:08.219" endtime="20220307 18:13:08.903"/>
</kw>
<kw name="Click loginBtn" library="Login_page">
<kw name="Click Element" library="AppiumLibrary">
<arg>${loginBtn}</arg>
<doc>Click element identified by `locator`.</doc>
<msg timestamp="20220307 18:13:08.908" level="INFO">Clicking element 'accessibility_id=button-LOGIN'.</msg>
<status status="PASS" starttime="20220307 18:13:08.904" endtime="20220307 18:13:09.582"/>
</kw>
<status status="PASS" starttime="20220307 18:13:08.903" endtime="20220307 18:13:09.582"/>
</kw>
<status status="PASS" starttime="20220307 18:13:05.753" endtime="20220307 18:13:09.582"/>
</kw>
<kw name="Then User sucessfull login" library="Login_step">
<kw name="Assert alert title is &quot;Success&quot;" library="Login_page" sourcename="Assert alert title is &quot;${expected_result}&quot;">
<kw name="Wait Until Element Is Visible" library="AppiumLibrary">
<arg>${alertTitle}</arg>
<doc>Waits until element specified with `locator` is visible.</doc>
<status status="PASS" starttime="20220307 18:13:09.584" endtime="20220307 18:13:12.308"/>
</kw>
<kw name="Element Text Should Be" library="AppiumLibrary">
<arg>${alertTitle}</arg>
<arg>${expected_result}</arg>
<doc>Verifies element identified by ``locator`` exactly contains text ``expected``.</doc>
<msg timestamp="20220307 18:13:12.311" level="INFO">Verifying element 'id=android:id/alertTitle' contains exactly text 'Success'.</msg>
<status status="PASS" starttime="20220307 18:13:12.308" endtime="20220307 18:13:12.372"/>
</kw>
<status status="PASS" starttime="20220307 18:13:09.583" endtime="20220307 18:13:12.372"/>
</kw>
<kw name="Assert alert description is &quot;You are logged in!&quot;" library="Login_page" sourcename="Assert alert description is &quot;${expected_result}&quot;">
<kw name="Element Text Should Be" library="AppiumLibrary">
<arg>${alertMessage}</arg>
<arg>${expected_result}</arg>
<doc>Verifies element identified by ``locator`` exactly contains text ``expected``.</doc>
<msg timestamp="20220307 18:13:12.376" level="INFO">Verifying element 'id=android:id/message' contains exactly text 'You are logged in!'.</msg>
<status status="PASS" starttime="20220307 18:13:12.373" endtime="20220307 18:13:12.435"/>
</kw>
<status status="PASS" starttime="20220307 18:13:12.372" endtime="20220307 18:13:12.435"/>
</kw>
<kw name="Close alertBtn" library="Login_page">
<kw name="Click Element" library="AppiumLibrary">
<arg>${closeAlertBtn}</arg>
<doc>Click element identified by `locator`.</doc>
<msg timestamp="20220307 18:13:12.440" level="INFO">Clicking element 'id=android:id/button1'.</msg>
<status status="PASS" starttime="20220307 18:13:12.436" endtime="20220307 18:13:12.533"/>
</kw>
<status status="PASS" starttime="20220307 18:13:12.435" endtime="20220307 18:13:12.533"/>
</kw>
<status status="PASS" starttime="20220307 18:13:09.583" endtime="20220307 18:13:12.533"/>
</kw>
<kw name="Teardown Test" library="Android_config" type="TEARDOWN">
<kw name="Close Application" library="AppiumLibrary">
<doc>Closes the current application and also close webdriver session.</doc>
<status status="PASS" starttime="20220307 18:13:12.534" endtime="20220307 18:13:13.035"/>
</kw>
<status status="PASS" starttime="20220307 18:13:12.534" endtime="20220307 18:13:13.035"/>
</kw>
<tag>test</tag>
<status status="PASS" starttime="20220307 18:12:59.704" endtime="20220307 18:13:13.035"/>
</test>
<status status="PASS" starttime="20220307 18:12:59.580" endtime="20220307 18:13:13.036"/>
</suite>
<status status="PASS" starttime="20220307 18:12:59.560" endtime="20220307 18:13:13.037"/>
</suite>
<statistics>
<total>
<stat pass="1" fail="0" skip="0">All Tests</stat>
</total>
<tag>
<stat pass="1" fail="0" skip="0">test</stat>
</tag>
<suite>
<stat pass="1" fail="0" skip="0" id="s1" name="Scenario">Scenario</stat>
<stat pass="1" fail="0" skip="0" id="s1-s1" name="Login scenario">Scenario.Login scenario</stat>
</suite>
</statistics>
<errors>
</errors>
</robot>
