<?xml version="1.0" encoding="UTF-8"?>
<robot generator="Robot 4.1.3 (Python 3.9.10 on darwin)" generated="20220307 21:04:25.447" rpa="false" schemaversion="2">
<suite id="s1" name="Scenario" source="/Users/user7/Documents/git/Sample_Project/SampleRobot_framework/Tests/Scenario">
<suite id="s1-s1" name="Login scenario" source="/Users/user7/Documents/git/Sample_Project/SampleRobot_framework/Tests/Scenario/Login_scenario.robot">
<test id="s1-s1-t1" name="User successfull login app">
<kw name="Open the Apps" library="Android_config" type="SETUP">
<kw name="Log To Console" library="BuiltIn">
<arg>'</arg>
<arg>'</arg>
<doc>Logs the given message to the console.</doc>
<status status="PASS" starttime="20220307 21:04:25.596" endtime="20220307 21:04:25.596"/>
</kw>
<kw name="Log To Console" library="BuiltIn">
<arg>Server</arg>
<arg>= ${APPIUM_SERVER}</arg>
<doc>Logs the given message to the console.</doc>
<status status="PASS" starttime="20220307 21:04:25.597" endtime="20220307 21:04:25.597"/>
</kw>
<kw name="Log To Console" library="BuiltIn">
<arg>Device = ${ANDROID_DEV_NAME}</arg>
<doc>Logs the given message to the console.</doc>
<status status="PASS" starttime="20220307 21:04:25.597" endtime="20220307 21:04:25.598"/>
</kw>
<kw name="Log To Console" library="BuiltIn">
<arg>OS_Device = ${ANDROID_PLAT_VER}</arg>
<doc>Logs the given message to the console.</doc>
<status status="PASS" starttime="20220307 21:04:25.598" endtime="20220307 21:04:25.599"/>
</kw>
<kw name="Log To Console" library="BuiltIn">
<arg>PackageID = ${ANDROID_APP_PACKAGE}</arg>
<doc>Logs the given message to the console.</doc>
<status status="PASS" starttime="20220307 21:04:25.599" endtime="20220307 21:04:25.599"/>
</kw>
<kw name="Log To Console" library="BuiltIn">
<arg>ActivityID = ${ANDROID_APP_ACTIVITY}</arg>
<doc>Logs the given message to the console.</doc>
<status status="PASS" starttime="20220307 21:04:25.599" endtime="20220307 21:04:25.600"/>
</kw>
<kw name="Set Global Variable" library="BuiltIn">
<arg>${ANDROID_DEV_NAME}</arg>
<doc>Makes a variable available globally in all tests and suites.</doc>
<msg timestamp="20220307 21:04:25.601" level="INFO">${ANDROID_DEV_NAME} = emulator-5554</msg>
<status status="PASS" starttime="20220307 21:04:25.600" endtime="20220307 21:04:25.601"/>
</kw>
<kw name="Open Application" library="AppiumLibrary">
<arg>${APPIUM_SERVER}</arg>
<arg>platformName=${ANDROID_PLAT_NAME}</arg>
<arg>appPackage=${ANDROID_APP_PACKAGE}</arg>
<arg>appActivity=${ANDROID_APP_ACTIVITY}</arg>
<arg>noReset=false</arg>
<arg>udid=${ANDROID_DEV_NAME}</arg>
<arg>automationName=uiautomator2</arg>
<doc>Opens a new application to given Appium server.
Capabilities of appium server, Android and iOS,
Please check https://github.com/appium/appium/blob/master/docs/en/writing-running-appium/server-args.md
| *Option*            | *Man.* | *Description*     |
| remote_url          | Yes    | Appium server url |
| alias               | no     | alias             |</doc>
<status status="PASS" starttime="20220307 21:04:25.601" endtime="20220307 21:04:31.435"/>
</kw>
<status status="PASS" starttime="20220307 21:04:25.595" endtime="20220307 21:04:31.435"/>
</kw>
<kw name="Given User open app" library="Login_step">
<kw name="No Operation" library="BuiltIn">
<doc>Does absolutely nothing.</doc>
<status status="PASS" starttime="20220307 21:04:31.436" endtime="20220307 21:04:31.436"/>
</kw>
<status status="PASS" starttime="20220307 21:04:31.435" endtime="20220307 21:04:31.436"/>
</kw>
<kw name="When User fill username and password" library="Login_step">
<kw name="Tap loginMenu" library="Login_page">
<kw name="Wait Until Element Is Visible" library="AppiumLibrary">
<arg>${loginMenuBtn}</arg>
<doc>Waits until element specified with `locator` is visible.</doc>
<status status="PASS" starttime="20220307 21:04:31.437" endtime="20220307 21:04:32.782"/>
</kw>
<kw name="Click Element" library="AppiumLibrary">
<arg>${loginMenuBtn}</arg>
<doc>Click element identified by `locator`.</doc>
<msg timestamp="20220307 21:04:32.784" level="INFO">Clicking element 'android=new UiSelector().text("Login").className("android.widget.TextView")'.</msg>
<status status="PASS" starttime="20220307 21:04:32.782" endtime="20220307 21:04:32.886"/>
</kw>
<status status="PASS" starttime="20220307 21:04:31.437" endtime="20220307 21:04:32.887"/>
</kw>
<kw name="Set text username" library="Login_page">
<kw name="Wait Until Element Is Visible" library="AppiumLibrary">
<arg>${loginEmail}</arg>
<doc>Waits until element specified with `locator` is visible.</doc>
<status status="PASS" starttime="20220307 21:04:32.887" endtime="20220307 21:04:33.751"/>
</kw>
<kw name="Input Text" library="AppiumLibrary">
<arg>${loginEmail}</arg>
<arg>test@kok.gitu</arg>
<doc>Types the given `text` into text field identified by `locator`.</doc>
<msg timestamp="20220307 21:04:33.754" level="INFO">Typing text 'test@kok.gitu' into text field 'accessibility_id=input-email'</msg>
<status status="PASS" starttime="20220307 21:04:33.752" endtime="20220307 21:04:34.312"/>
</kw>
<status status="PASS" starttime="20220307 21:04:32.887" endtime="20220307 21:04:34.313"/>
</kw>
<kw name="Set text password" library="Login_page">
<kw name="Input Text" library="AppiumLibrary">
<arg>${loginPass}</arg>
<arg>12341234</arg>
<doc>Types the given `text` into text field identified by `locator`.</doc>
<msg timestamp="20220307 21:04:34.316" level="INFO">Typing text '12341234' into text field 'accessibility_id=input-password'</msg>
<status status="PASS" starttime="20220307 21:04:34.313" endtime="20220307 21:04:35.539"/>
</kw>
<status status="PASS" starttime="20220307 21:04:34.313" endtime="20220307 21:04:35.539"/>
</kw>
<kw name="Click loginBtn" library="Login_page">
<kw name="Click Element" library="AppiumLibrary">
<arg>${loginBtn}</arg>
<doc>Click element identified by `locator`.</doc>
<msg timestamp="20220307 21:04:35.543" level="INFO">Clicking element 'accessibility_id=button-LOGIN'.</msg>
<status status="PASS" starttime="20220307 21:04:35.540" endtime="20220307 21:04:36.187"/>
</kw>
<status status="PASS" starttime="20220307 21:04:35.539" endtime="20220307 21:04:36.188"/>
</kw>
<status status="PASS" starttime="20220307 21:04:31.436" endtime="20220307 21:04:36.188"/>
</kw>
<kw name="Then User sucessfull login" library="Login_step">
<kw name="Assert alert title is &quot;Success&quot;" library="Login_page" sourcename="Assert alert title is &quot;${expected_result}&quot;">
<kw name="Wait Until Element Is Visible" library="AppiumLibrary">
<arg>${alertTitle}</arg>
<doc>Waits until element specified with `locator` is visible.</doc>
<status status="PASS" starttime="20220307 21:04:36.189" endtime="20220307 21:04:38.335"/>
</kw>
<kw name="Element Text Should Be" library="AppiumLibrary">
<arg>${alertTitle}</arg>
<arg>${expected_result}</arg>
<doc>Verifies element identified by ``locator`` exactly contains text ``expected``.</doc>
<msg timestamp="20220307 21:04:38.337" level="INFO">Verifying element 'id=android:id/alertTitle' contains exactly text 'Success'.</msg>
<status status="PASS" starttime="20220307 21:04:38.335" endtime="20220307 21:04:38.373"/>
</kw>
<status status="PASS" starttime="20220307 21:04:36.189" endtime="20220307 21:04:38.373"/>
</kw>
<kw name="Assert alert description is &quot;You are logged in!&quot;" library="Login_page" sourcename="Assert alert description is &quot;${expected_result}&quot;">
<kw name="Element Text Should Be" library="AppiumLibrary">
<arg>${alertMessage}</arg>
<arg>${expected_result}</arg>
<doc>Verifies element identified by ``locator`` exactly contains text ``expected``.</doc>
<msg timestamp="20220307 21:04:38.375" level="INFO">Verifying element 'id=android:id/message' contains exactly text 'You are logged in!'.</msg>
<status status="PASS" starttime="20220307 21:04:38.374" endtime="20220307 21:04:38.401"/>
</kw>
<status status="PASS" starttime="20220307 21:04:38.373" endtime="20220307 21:04:38.401"/>
</kw>
<kw name="Close alertBtn" library="Login_page">
<kw name="Click Element" library="AppiumLibrary">
<arg>${closeAlertBtn}</arg>
<doc>Click element identified by `locator`.</doc>
<msg timestamp="20220307 21:04:38.403" level="INFO">Clicking element 'id=android:id/button1'.</msg>
<status status="PASS" starttime="20220307 21:04:38.401" endtime="20220307 21:04:38.471"/>
</kw>
<status status="PASS" starttime="20220307 21:04:38.401" endtime="20220307 21:04:38.472"/>
</kw>
<status status="PASS" starttime="20220307 21:04:36.188" endtime="20220307 21:04:38.472"/>
</kw>
<kw name="Teardown Test" library="Android_config" type="TEARDOWN">
<kw name="Close Application" library="AppiumLibrary">
<doc>Closes the current application and also close webdriver session.</doc>
<status status="PASS" starttime="20220307 21:04:38.473" endtime="20220307 21:04:38.796"/>
</kw>
<status status="PASS" starttime="20220307 21:04:38.472" endtime="20220307 21:04:38.797"/>
</kw>
<tag>test</tag>
<status status="PASS" starttime="20220307 21:04:25.595" endtime="20220307 21:04:38.797"/>
</test>
<status status="PASS" starttime="20220307 21:04:25.471" endtime="20220307 21:04:38.798"/>
</suite>
<suite id="s1-s2" name="Register scenario" source="/Users/user7/Documents/git/Sample_Project/SampleRobot_framework/Tests/Scenario/Register_scenario.robot">
<test id="s1-s2-t1" name="User successfull register app">
<kw name="Open the Apps" library="Android_config" type="SETUP">
<kw name="Log To Console" library="BuiltIn">
<arg>'</arg>
<arg>'</arg>
<doc>Logs the given message to the console.</doc>
<status status="PASS" starttime="20220307 21:04:38.817" endtime="20220307 21:04:38.817"/>
</kw>
<kw name="Log To Console" library="BuiltIn">
<arg>Server</arg>
<arg>= ${APPIUM_SERVER}</arg>
<doc>Logs the given message to the console.</doc>
<status status="PASS" starttime="20220307 21:04:38.818" endtime="20220307 21:04:38.818"/>
</kw>
<kw name="Log To Console" library="BuiltIn">
<arg>Device = ${ANDROID_DEV_NAME}</arg>
<doc>Logs the given message to the console.</doc>
<status status="PASS" starttime="20220307 21:04:38.819" endtime="20220307 21:04:38.819"/>
</kw>
<kw name="Log To Console" library="BuiltIn">
<arg>OS_Device = ${ANDROID_PLAT_VER}</arg>
<doc>Logs the given message to the console.</doc>
<status status="PASS" starttime="20220307 21:04:38.820" endtime="20220307 21:04:38.821"/>
</kw>
<kw name="Log To Console" library="BuiltIn">
<arg>PackageID = ${ANDROID_APP_PACKAGE}</arg>
<doc>Logs the given message to the console.</doc>
<status status="PASS" starttime="20220307 21:04:38.821" endtime="20220307 21:04:38.822"/>
</kw>
<kw name="Log To Console" library="BuiltIn">
<arg>ActivityID = ${ANDROID_APP_ACTIVITY}</arg>
<doc>Logs the given message to the console.</doc>
<status status="PASS" starttime="20220307 21:04:38.823" endtime="20220307 21:04:38.824"/>
</kw>
<kw name="Set Global Variable" library="BuiltIn">
<arg>${ANDROID_DEV_NAME}</arg>
<doc>Makes a variable available globally in all tests and suites.</doc>
<msg timestamp="20220307 21:04:38.826" level="INFO">${ANDROID_DEV_NAME} = emulator-5554</msg>
<status status="PASS" starttime="20220307 21:04:38.824" endtime="20220307 21:04:38.826"/>
</kw>
<kw name="Open Application" library="AppiumLibrary">
<arg>${APPIUM_SERVER}</arg>
<arg>platformName=${ANDROID_PLAT_NAME}</arg>
<arg>appPackage=${ANDROID_APP_PACKAGE}</arg>
<arg>appActivity=${ANDROID_APP_ACTIVITY}</arg>
<arg>noReset=false</arg>
<arg>udid=${ANDROID_DEV_NAME}</arg>
<arg>automationName=uiautomator2</arg>
<doc>Opens a new application to given Appium server.
Capabilities of appium server, Android and iOS,
Please check https://github.com/appium/appium/blob/master/docs/en/writing-running-appium/server-args.md
| *Option*            | *Man.* | *Description*     |
| remote_url          | Yes    | Appium server url |
| alias               | no     | alias             |</doc>
<status status="PASS" starttime="20220307 21:04:38.826" endtime="20220307 21:04:43.429"/>
</kw>
<status status="PASS" starttime="20220307 21:04:38.815" endtime="20220307 21:04:43.429"/>
</kw>
<kw name="Given User open app" library="Register_step">
<kw name="No Operation" library="BuiltIn">
<doc>Does absolutely nothing.</doc>
<status status="PASS" starttime="20220307 21:04:43.430" endtime="20220307 21:04:43.430"/>
</kw>
<status status="PASS" starttime="20220307 21:04:43.429" endtime="20220307 21:04:43.430"/>
</kw>
<kw name="When User fill username,password and re-password" library="Register_step">
<kw name="Tap loginMenu" library="Login_page">
<kw name="Wait Until Element Is Visible" library="AppiumLibrary">
<arg>${loginMenuBtn}</arg>
<doc>Waits until element specified with `locator` is visible.</doc>
<status status="PASS" starttime="20220307 21:04:43.434" endtime="20220307 21:04:44.717"/>
</kw>
<kw name="Click Element" library="AppiumLibrary">
<arg>${loginMenuBtn}</arg>
<doc>Click element identified by `locator`.</doc>
<msg timestamp="20220307 21:04:44.719" level="INFO">Clicking element 'android=new UiSelector().text("Login").className("android.widget.TextView")'.</msg>
<status status="PASS" starttime="20220307 21:04:44.717" endtime="20220307 21:04:44.820"/>
</kw>
<status status="PASS" starttime="20220307 21:04:43.433" endtime="20220307 21:04:44.820"/>
</kw>
<kw name="Click register" library="Register_page">
<kw name="Wait Until Element Is Visible" library="AppiumLibrary">
<arg>${titleRegister}</arg>
<doc>Waits until element specified with `locator` is visible.</doc>
<status status="PASS" starttime="20220307 21:04:44.820" endtime="20220307 21:04:45.704"/>
</kw>
<kw name="Click Element" library="AppiumLibrary">
<arg>${titleRegister}</arg>
<doc>Click element identified by `locator`.</doc>
<msg timestamp="20220307 21:04:45.706" level="INFO">Clicking element 'xpath=//android.view.ViewGroup[@content-desc="button-sign-up-container"]'.</msg>
<status status="PASS" starttime="20220307 21:04:45.704" endtime="20220307 21:04:45.869"/>
</kw>
<status status="PASS" starttime="20220307 21:04:44.820" endtime="20220307 21:04:45.869"/>
</kw>
<kw name="Set text username" library="Login_page">
<kw name="Wait Until Element Is Visible" library="AppiumLibrary">
<arg>${loginEmail}</arg>
<doc>Waits until element specified with `locator` is visible.</doc>
<status status="PASS" starttime="20220307 21:04:45.870" endtime="20220307 21:04:46.791"/>
</kw>
<kw name="Input Text" library="AppiumLibrary">
<arg>${loginEmail}</arg>
<arg>test@kok.gitu</arg>
<doc>Types the given `text` into text field identified by `locator`.</doc>
<msg timestamp="20220307 21:04:46.794" level="INFO">Typing text 'test@kok.gitu' into text field 'accessibility_id=input-email'</msg>
<status status="PASS" starttime="20220307 21:04:46.792" endtime="20220307 21:04:46.992"/>
</kw>
<status status="PASS" starttime="20220307 21:04:45.870" endtime="20220307 21:04:46.992"/>
</kw>
<kw name="Set text password" library="Login_page">
<kw name="Input Text" library="AppiumLibrary">
<arg>${loginPass}</arg>
<arg>12341234</arg>
<doc>Types the given `text` into text field identified by `locator`.</doc>
<msg timestamp="20220307 21:04:46.995" level="INFO">Typing text '12341234' into text field 'accessibility_id=input-password'</msg>
<status status="PASS" starttime="20220307 21:04:46.993" endtime="20220307 21:04:48.175"/>
</kw>
<status status="PASS" starttime="20220307 21:04:46.992" endtime="20220307 21:04:48.175"/>
</kw>
<kw name="Set text re-password" library="Register_page">
<kw name="Input Text" library="AppiumLibrary">
<arg>${registerRePassword}</arg>
<arg>12341234</arg>
<doc>Types the given `text` into text field identified by `locator`.</doc>
<msg timestamp="20220307 21:04:48.179" level="INFO">Typing text '12341234' into text field 'accessibility_id=input-repeat-password'</msg>
<status status="PASS" starttime="20220307 21:04:48.176" endtime="20220307 21:04:49.342"/>
</kw>
<status status="PASS" starttime="20220307 21:04:48.175" endtime="20220307 21:04:49.343"/>
</kw>
<kw name="Click signUpBtn" library="Register_page">
<kw name="Click Element" library="AppiumLibrary">
<arg>${signUpBtn}</arg>
<doc>Click element identified by `locator`.</doc>
<msg timestamp="20220307 21:04:49.347" level="INFO">Clicking element 'xpath=//android.view.ViewGroup[@content-desc="button-SIGN UP"]/android.view.ViewGroup/android.widget.TextView'.</msg>
<status status="PASS" starttime="20220307 21:04:49.343" endtime="20220307 21:04:50.054"/>
</kw>
<status status="PASS" starttime="20220307 21:04:49.343" endtime="20220307 21:04:50.055"/>
</kw>
<status status="PASS" starttime="20220307 21:04:43.432" endtime="20220307 21:04:50.055"/>
</kw>
<kw name="Then User sucessfull register" library="Register_step">
<kw name="Assert alert title is &quot;Signed Up!&quot;" library="Login_page" sourcename="Assert alert title is &quot;${expected_result}&quot;">
<kw name="Wait Until Element Is Visible" library="AppiumLibrary">
<arg>${alertTitle}</arg>
<doc>Waits until element specified with `locator` is visible.</doc>
<status status="PASS" starttime="20220307 21:04:50.057" endtime="20220307 21:04:52.358"/>
</kw>
<kw name="Element Text Should Be" library="AppiumLibrary">
<arg>${alertTitle}</arg>
<arg>${expected_result}</arg>
<doc>Verifies element identified by ``locator`` exactly contains text ``expected``.</doc>
<msg timestamp="20220307 21:04:52.360" level="INFO">Verifying element 'id=android:id/alertTitle' contains exactly text 'Signed Up!'.</msg>
<status status="PASS" starttime="20220307 21:04:52.358" endtime="20220307 21:04:52.386"/>
</kw>
<status status="PASS" starttime="20220307 21:04:50.056" endtime="20220307 21:04:52.386"/>
</kw>
<kw name="Assert alert description is &quot;You successfully signed up!&quot;" library="Login_page" sourcename="Assert alert description is &quot;${expected_result}&quot;">
<kw name="Element Text Should Be" library="AppiumLibrary">
<arg>${alertMessage}</arg>
<arg>${expected_result}</arg>
<doc>Verifies element identified by ``locator`` exactly contains text ``expected``.</doc>
<msg timestamp="20220307 21:04:52.389" level="INFO">Verifying element 'id=android:id/message' contains exactly text 'You successfully signed up!'.</msg>
<status status="PASS" starttime="20220307 21:04:52.387" endtime="20220307 21:04:52.422"/>
</kw>
<status status="PASS" starttime="20220307 21:04:52.387" endtime="20220307 21:04:52.422"/>
</kw>
<kw name="Close alertBtn" library="Login_page">
<kw name="Click Element" library="AppiumLibrary">
<arg>${closeAlertBtn}</arg>
<doc>Click element identified by `locator`.</doc>
<msg timestamp="20220307 21:04:52.425" level="INFO">Clicking element 'id=android:id/button1'.</msg>
<status status="PASS" starttime="20220307 21:04:52.422" endtime="20220307 21:04:52.491"/>
</kw>
<status status="PASS" starttime="20220307 21:04:52.422" endtime="20220307 21:04:52.491"/>
</kw>
<status status="PASS" starttime="20220307 21:04:50.055" endtime="20220307 21:04:52.491"/>
</kw>
<kw name="Teardown Test" library="Android_config" type="TEARDOWN">
<kw name="Close Application" library="AppiumLibrary">
<doc>Closes the current application and also close webdriver session.</doc>
<status status="PASS" starttime="20220307 21:04:52.492" endtime="20220307 21:04:52.936"/>
</kw>
<status status="PASS" starttime="20220307 21:04:52.492" endtime="20220307 21:04:52.936"/>
</kw>
<tag>test</tag>
<status status="PASS" starttime="20220307 21:04:38.814" endtime="20220307 21:04:52.937"/>
</test>
<status status="PASS" starttime="20220307 21:04:38.801" endtime="20220307 21:04:52.938"/>
</suite>
<status status="PASS" starttime="20220307 21:04:25.450" endtime="20220307 21:04:52.940"/>
</suite>
<statistics>
<total>
<stat pass="2" fail="0" skip="0">All Tests</stat>
</total>
<tag>
<stat pass="2" fail="0" skip="0">test</stat>
</tag>
<suite>
<stat pass="2" fail="0" skip="0" id="s1" name="Scenario">Scenario</stat>
<stat pass="1" fail="0" skip="0" id="s1-s1" name="Login scenario">Scenario.Login scenario</stat>
<stat pass="1" fail="0" skip="0" id="s1-s2" name="Register scenario">Scenario.Register scenario</stat>
</suite>
</statistics>
<errors>
</errors>
</robot>
