<?xml version="1.0" encoding="UTF-8"?>
<robot generator="Robot 5.0.1 (Python 3.10.4 on darwin)" generated="20220604 17:09:27.620" rpa="false" schemaversion="3">
<suite id="s1" name="Login scenario" source="/Users/user7/Documents/git/SampleRobot_framework/Tests/Scenario/Login_scenario.robot">
<test id="s1-t1" name="User successfull login app" line="16">
<kw name="Open the Apps" library="Android_config" type="SETUP">
<kw name="Log To Console" library="BuiltIn">
<arg>'</arg>
<arg>'</arg>
<doc>Logs the given message to the console.</doc>
<status status="PASS" starttime="20220604 17:09:27.853" endtime="20220604 17:09:27.854"/>
</kw>
<kw name="Log To Console" library="BuiltIn">
<arg>Server</arg>
<arg>= ${APPIUM_SERVER}</arg>
<doc>Logs the given message to the console.</doc>
<status status="PASS" starttime="20220604 17:09:27.854" endtime="20220604 17:09:27.854"/>
</kw>
<kw name="Log To Console" library="BuiltIn">
<arg>Device = ${ANDROID_DEV_NAME}</arg>
<doc>Logs the given message to the console.</doc>
<status status="PASS" starttime="20220604 17:09:27.854" endtime="20220604 17:09:27.855"/>
</kw>
<kw name="Log To Console" library="BuiltIn">
<arg>OS_Device = ${ANDROID_PLAT_VER}</arg>
<doc>Logs the given message to the console.</doc>
<status status="PASS" starttime="20220604 17:09:27.855" endtime="20220604 17:09:27.855"/>
</kw>
<kw name="Log To Console" library="BuiltIn">
<arg>PackageID = ${ANDROID_APP_PACKAGE}</arg>
<doc>Logs the given message to the console.</doc>
<status status="PASS" starttime="20220604 17:09:27.855" endtime="20220604 17:09:27.856"/>
</kw>
<kw name="Log To Console" library="BuiltIn">
<arg>ActivityID = ${ANDROID_APP_ACTIVITY}</arg>
<doc>Logs the given message to the console.</doc>
<status status="PASS" starttime="20220604 17:09:27.856" endtime="20220604 17:09:27.856"/>
</kw>
<kw name="Set Global Variable" library="BuiltIn">
<arg>${ANDROID_DEV_NAME}</arg>
<doc>Makes a variable available globally in all tests and suites.</doc>
<msg timestamp="20220604 17:09:27.857" level="INFO">${ANDROID_DEV_NAME} = 10.100.85.213:5555</msg>
<status status="PASS" starttime="20220604 17:09:27.856" endtime="20220604 17:09:27.857"/>
</kw>
<kw name="Open Application" library="AppiumLibrary">
<arg>${APPIUM_SERVER}</arg>
<arg>platformName=${ANDROID_PLAT_NAME}</arg>
<arg>appPackage=${ANDROID_APP_PACKAGE}</arg>
<arg>appActivity=${ANDROID_APP_ACTIVITY}</arg>
<arg>noReset=false</arg>
<arg>udid=${ANDROID_DEV_NAME}</arg>
<arg>automationName=uiautomator2</arg>
<doc>Opens a new application to given Appium server.
Capabilities of appium server, Android and iOS,
Please check https://github.com/appium/appium/blob/master/docs/en/writing-running-appium/server-args.md
| *Option*            | *Man.* | *Description*     |
| remote_url          | Yes    | Appium server url |
| alias               | no     | alias             |</doc>
<status status="PASS" starttime="20220604 17:09:27.857" endtime="20220604 17:09:33.833"/>
</kw>
<status status="PASS" starttime="20220604 17:09:27.853" endtime="20220604 17:09:33.833"/>
</kw>
<kw name="Given User open app" library="Login_step">
<kw name="No Operation" library="BuiltIn">
<doc>Does absolutely nothing.</doc>
<status status="PASS" starttime="20220604 17:09:33.835" endtime="20220604 17:09:33.835"/>
</kw>
<status status="PASS" starttime="20220604 17:09:33.834" endtime="20220604 17:09:33.836"/>
</kw>
<for flavor="IN">
<var>${userID}</var>
<value>@{id}</value>
<iter>
<var name="${userID}">test1@</var>
<try>
<branch type="TRY">
<kw name="When User fill username and password" library="Login_step">
<arg>${userID}</arg>
<kw name="Set Test Variable" library="BuiltIn">
<arg>${userID}</arg>
<doc>Makes a variable available everywhere within the scope of the current test.</doc>
<msg timestamp="20220604 17:09:33.838" level="INFO">${userID} = test1@</msg>
<status status="PASS" starttime="20220604 17:09:33.838" endtime="20220604 17:09:33.838"/>
</kw>
<kw name="Tap loginMenu" library="Login_page">
<kw name="Wait Until Element Is Visible" library="AppiumLibrary">
<arg>${loginMenuBtn}</arg>
<doc>Waits until element specified with `locator` is visible.</doc>
<status status="PASS" starttime="20220604 17:09:33.839" endtime="20220604 17:09:34.825"/>
</kw>
<kw name="Click Element" library="AppiumLibrary">
<arg>${loginMenuBtn}</arg>
<doc>Click element identified by `locator`.</doc>
<msg timestamp="20220604 17:09:34.830" level="INFO">Clicking element 'android=new UiSelector().text("Login").className("android.widget.TextView")'.</msg>
<status status="PASS" starttime="20220604 17:09:34.825" endtime="20220604 17:09:34.944"/>
</kw>
<status status="PASS" starttime="20220604 17:09:33.839" endtime="20220604 17:09:34.945"/>
</kw>
<kw name="Set text username" library="Login_page">
<kw name="Wait Until Element Is Visible" library="AppiumLibrary">
<arg>${loginEmail}</arg>
<doc>Waits until element specified with `locator` is visible.</doc>
<status status="PASS" starttime="20220604 17:09:34.946" endtime="20220604 17:09:35.744"/>
</kw>
<kw name="Input Text" library="AppiumLibrary">
<arg>${loginEmail}</arg>
<arg>${userID}</arg>
<doc>Types the given `text` into text field identified by `locator`.</doc>
<msg timestamp="20220604 17:09:35.749" level="INFO">Typing text 'test1@' into text field 'accessibility_id=input-email'</msg>
<status status="PASS" starttime="20220604 17:09:35.744" endtime="20220604 17:09:36.428"/>
</kw>
<status status="PASS" starttime="20220604 17:09:34.945" endtime="20220604 17:09:36.429"/>
</kw>
<kw name="Set text password" library="Login_page">
<kw name="Input Text" library="AppiumLibrary">
<arg>${loginPass}</arg>
<arg>123qweasd123</arg>
<doc>Types the given `text` into text field identified by `locator`.</doc>
<msg timestamp="20220604 17:09:36.434" level="INFO">Typing text '123qweasd123' into text field 'accessibility_id=input-password'</msg>
<kw name="Capture Page Screenshot" library="AppiumLibrary">
<doc>Takes a screenshot of the current page and embeds it into the log.</doc>
<status status="FAIL" starttime="20220604 17:09:37.719" endtime="20220604 17:09:37.720"/>
</kw>
<msg timestamp="20220604 17:09:37.725" level="WARN">Keyword 'Capture Page Screenshot' could not be run on failure: Execution terminated by signal</msg>
<status status="FAIL" starttime="20220604 17:09:36.430" endtime="20220604 17:09:37.726"/>
</kw>
<status status="FAIL" starttime="20220604 17:09:36.429" endtime="20220604 17:09:37.727"/>
</kw>
<kw name="Click loginBtn" library="Login_page">
<status status="NOT RUN" starttime="20220604 17:09:37.727" endtime="20220604 17:09:37.727"/>
</kw>
<status status="FAIL" starttime="20220604 17:09:33.837" endtime="20220604 17:09:37.727"/>
</kw>
<kw name="Then User sucessfull login" library="Login_step">
<status status="NOT RUN" starttime="20220604 17:09:37.728" endtime="20220604 17:09:37.728"/>
</kw>
<status status="FAIL" starttime="20220604 17:09:33.837" endtime="20220604 17:09:37.728"/>
</branch>
<branch type="EXCEPT">
<kw name="Log" library="BuiltIn">
<arg>TestCase ${userID} ini error gan</arg>
<arg>WARN</arg>
<doc>Logs the given message with the given level.</doc>
<status status="FAIL" starttime="20220604 17:09:37.728" endtime="20220604 17:09:37.729"/>
</kw>
<status status="FAIL" starttime="20220604 17:09:37.728" endtime="20220604 17:09:37.729"/>
</branch>
<status status="FAIL" starttime="20220604 17:09:33.837" endtime="20220604 17:09:37.729"/>
</try>
<status status="FAIL" starttime="20220604 17:09:33.836" endtime="20220604 17:09:37.729"/>
</iter>
<status status="FAIL" starttime="20220604 17:09:33.836" endtime="20220604 17:09:37.729"/>
</for>
<kw name="Teardown Test" library="Android_config" type="TEARDOWN">
<kw name="Close Application" library="AppiumLibrary">
<doc>Closes the current application and also close webdriver session.</doc>
<status status="PASS" starttime="20220604 17:09:37.731" endtime="20220604 17:09:38.090"/>
</kw>
<status status="PASS" starttime="20220604 17:09:37.730" endtime="20220604 17:09:38.090"/>
</kw>
<tag>test</tag>
<status status="FAIL" starttime="20220604 17:09:27.852" endtime="20220604 17:09:38.091">Execution terminated by signal</status>
</test>
<status status="FAIL" starttime="20220604 17:09:27.621" endtime="20220604 17:09:38.092"/>
</suite>
<statistics>
<total>
<stat pass="0" fail="1" skip="0">All Tests</stat>
</total>
<tag>
<stat pass="0" fail="1" skip="0">test</stat>
</tag>
<suite>
<stat pass="0" fail="1" skip="0" id="s1" name="Login scenario">Login scenario</stat>
</suite>
</statistics>
<errors>
<msg timestamp="20220604 17:09:27.622" level="ERROR">Error in file '/Users/user7/Documents/git/SampleRobot_framework/Tests/Scenario/Login_scenario.robot' on line 12: Setting variable '' failed: Invalid variable name ''.</msg>
<msg timestamp="20220604 17:09:27.622" level="ERROR">Error in file '/Users/user7/Documents/git/SampleRobot_framework/Tests/Scenario/Login_scenario.robot' on line 13: Setting variable '' failed: Invalid variable name ''.</msg>
<msg timestamp="20220604 17:09:37.725" level="WARN">Keyword 'Capture Page Screenshot' could not be run on failure: Execution terminated by signal</msg>
</errors>
</robot>
